Library/Bee/Android/Prj/IL2CPP/Gradle/unityLibrary/build/intermediates/manifest_merge_blame_file/release/processReleaseManifest/manifest-merger-blame-release-report.txt
1<?xml version="1.0" encoding="utf-8"?>
2<manifest xmlns:android="http://schemas.android.com/apk/res/android"
3    xmlns:tools="http://schemas.android.com/tools"
4    package="com.unity3d.player" >
5
6    <uses-sdk android:minSdkVersion="30" />
7
8    <uses-permission android:name="android.permission.INTERNET" />
8-->src\main\AndroidManifest.xml:3:3-65
8-->src\main\AndroidManifest.xml:3:20-62
9    <uses-permission android:name="android.permission.WRITE_EXTERNAL_STORAGE" />
9-->src\main\AndroidManifest.xml:4:3-79
9-->src\main\AndroidManifest.xml:4:20-76
10
11    <uses-feature android:glEsVersion="0x00030000" />
11-->src\main\AndroidManifest.xml:5:3-52
11-->src\main\AndroidManifest.xml:5:17-49
12    <uses-feature
12-->src\main\AndroidManifest.xml:6:3-88
13        android:name="android.hardware.touchscreen"
13-->src\main\AndroidManifest.xml:6:17-60
14        android:required="false" />
14-->src\main\AndroidManifest.xml:6:61-85
15    <uses-feature
15-->src\main\AndroidManifest.xml:7:3-99
16        android:name="android.hardware.touchscreen.multitouch"
16-->src\main\AndroidManifest.xml:7:17-71
17        android:required="false" />
17-->src\main\AndroidManifest.xml:7:72-96
18    <uses-feature
18-->src\main\AndroidManifest.xml:8:3-108
19        android:name="android.hardware.touchscreen.multitouch.distinct"
19-->src\main\AndroidManifest.xml:8:17-80
20        android:required="false" />
20-->src\main\AndroidManifest.xml:8:81-105
21
22    <application
22-->src\main\AndroidManifest.xml:9:3-25:17
23        android:enableOnBackInvokedCallback="false"
23-->src\main\AndroidManifest.xml:9:16-59
24        android:extractNativeLibs="true" >
24-->src\main\AndroidManifest.xml:9:60-92
25        <meta-data
25-->src\main\AndroidManifest.xml:10:5-69
26            android:name="unity.splash-mode"
26-->src\main\AndroidManifest.xml:10:16-48
27            android:value="0" />
27-->src\main\AndroidManifest.xml:10:49-66
28        <meta-data
28-->src\main\AndroidManifest.xml:11:5-74
29            android:name="unity.splash-enable"
29-->src\main\AndroidManifest.xml:11:16-50
30            android:value="True" />
30-->src\main\AndroidManifest.xml:11:51-71
31        <meta-data
31-->src\main\AndroidManifest.xml:12:5-78
32            android:name="unity.launch-fullscreen"
32-->src\main\AndroidManifest.xml:12:16-54
33            android:value="True" />
33-->src\main\AndroidManifest.xml:12:55-75
34        <meta-data
34-->src\main\AndroidManifest.xml:13:5-84
35            android:name="unity.render-outside-safearea"
35-->src\main\AndroidManifest.xml:13:16-60
36            android:value="True" />
36-->src\main\AndroidManifest.xml:13:61-81
37        <meta-data
37-->src\main\AndroidManifest.xml:14:5-81
38            android:name="notch.config"
38-->src\main\AndroidManifest.xml:14:16-43
39            android:value="portrait|landscape" />
39-->src\main\AndroidManifest.xml:14:44-78
40        <meta-data
40-->src\main\AndroidManifest.xml:15:5-84
41            android:name="unity.auto-report-fully-drawn"
41-->src\main\AndroidManifest.xml:15:16-60
42            android:value="true" />
42-->src\main\AndroidManifest.xml:15:61-81
43        <meta-data
43-->src\main\AndroidManifest.xml:16:5-80
44            android:name="unity.auto-set-game-state"
44-->src\main\AndroidManifest.xml:16:16-56
45            android:value="true" />
45-->src\main\AndroidManifest.xml:16:57-77
46        <meta-data
46-->src\main\AndroidManifest.xml:17:5-78
47            android:name="unity.strip-engine-code"
47-->src\main\AndroidManifest.xml:17:16-54
48            android:value="true" />
48-->src\main\AndroidManifest.xml:17:55-75
49
50        <activity
50-->src\main\AndroidManifest.xml:18:5-24:16
51            android:name="com.unity3d.player.UnityPlayerActivity"
51-->src\main\AndroidManifest.xml:18:312-365
52            android:configChanges="mcc|mnc|locale|touchscreen|keyboard|keyboardHidden|navigation|orientation|screenLayout|uiMode|screenSize|smallestScreenSize|fontScale|layoutDirection|density"
52-->src\main\AndroidManifest.xml:18:15-196
53            android:enabled="true"
53-->src\main\AndroidManifest.xml:18:197-219
54            android:exported="true"
54-->src\main\AndroidManifest.xml:18:220-243
55            android:hardwareAccelerated="false"
55-->src\main\AndroidManifest.xml:18:244-279
56            android:launchMode="singleTask"
56-->src\main\AndroidManifest.xml:18:280-311
57            android:resizeableActivity="true"
57-->src\main\AndroidManifest.xml:18:366-399
58            android:screenOrientation="portrait"
58-->src\main\AndroidManifest.xml:18:400-436
59            android:theme="@style/UnityThemeSelector" >
59-->src\main\AndroidManifest.xml:18:437-478
60            <meta-data
60-->src\main\AndroidManifest.xml:19:7-82
61                android:name="unityplayer.UnityActivity"
61-->src\main\AndroidManifest.xml:19:18-58
62                android:value="true" />
62-->src\main\AndroidManifest.xml:19:59-79
63            <meta-data
63-->src\main\AndroidManifest.xml:20:7-130
64                android:name="WindowManagerPreference:FreeformWindowSize"
64-->src\main\AndroidManifest.xml:20:18-75
65                android:value="@string/FreeformWindowSize_maximize" />
65-->src\main\AndroidManifest.xml:20:76-127
66            <meta-data
66-->src\main\AndroidManifest.xml:21:7-144
67                android:name="WindowManagerPreference:FreeformWindowOrientation"
67-->src\main\AndroidManifest.xml:21:18-82
68                android:value="@string/FreeformWindowOrientation_portrait" />
68-->src\main\AndroidManifest.xml:21:83-141
69            <meta-data
69-->src\main\AndroidManifest.xml:22:7-70
70                android:name="notch_support"
70-->src\main\AndroidManifest.xml:22:18-46
71                android:value="true" />
71-->src\main\AndroidManifest.xml:22:47-67
72
73            <layout
73-->src\main\AndroidManifest.xml:23:7-68
74                android:minHeight="300px"
74-->src\main\AndroidManifest.xml:23:15-40
75                android:minWidth="400px" />
75-->src\main\AndroidManifest.xml:23:41-65
76        </activity>
77    </application>
78
79</manifest>